<?xml version="1.0" encoding="UTF-8"?>
<coverage generated="1568688874588" clover="3.2.0">
  <project timestamp="1568688874589" name="All files">
    <metrics statements="22" coveredstatements="13" conditionals="0" coveredconditionals="0" methods="7" coveredmethods="4" elements="29" coveredelements="17" complexity="0" loc="22" ncloc="22" packages="1" files="2" classes="2"/>
    <file name="api-bcb.js" path="/home/flamengo/Documentos/projetos/fullstack-master/Semana_02/ConvertMyMoney/lib/api-bcb.js">
      <metrics statements="17" coveredstatements="8" conditionals="0" coveredconditionals="0" methods="5" coveredmethods="2"/>
      <line num="1" count="1" type="stmt"/>
      <line num="2" count="1" type="stmt"/>
      <line num="3" count="1" type="stmt"/>
      <line num="5" count="1" type="stmt"/>
      <line num="6" count="1" type="stmt"/>
      <line num="7" count="1" type="stmt"/>
      <line num="8" count="0" type="stmt"/>
      <line num="9" count="0" type="stmt"/>
      <line num="12" count="1" type="stmt"/>
      <line num="13" count="0" type="stmt"/>
      <line num="14" count="0" type="stmt"/>
      <line num="15" count="0" type="stmt"/>
      <line num="16" count="0" type="stmt"/>
      <line num="17" count="0" type="stmt"/>
      <line num="18" count="0" type="stmt"/>
      <line num="20" count="0" type="stmt"/>
      <line num="24" count="1" type="stmt"/>
    </file>
    <file name="convert.js" path="/home/flamengo/Documentos/projetos/fullstack-master/Semana_02/ConvertMyMoney/lib/convert.js">
      <metrics statements="5" coveredstatements="5" conditionals="0" coveredconditionals="0" methods="2" coveredmethods="2"/>
      <line num="1" count="1" type="stmt"/>
      <line num="2" count="2" type="stmt"/>
      <line num="5" count="1" type="stmt"/>
      <line num="6" count="2" type="stmt"/>
      <line num="9" count="1" type="stmt"/>
    </file>
  </project>
</coverage>
