{"/home/flamengo/Documentos/projetos/fullstack-master/Semana_02/ConvertMyMoney/lib/api-bcb.js": {"path":"/home/flamengo/Documentos/projetos/fullstack-master/Semana_02/ConvertMyMoney/lib/api-bcb.js","statementMap":{"0":{"start":{"line":1,"column":15},"end":{"line":1,"column":32}},"1":{"start":{"line":2,"column":14},"end":{"line":2,"column":30}},"2":{"start":{"line":3,"column":15},"end":{"line":3,"column":228}},"3":{"start":{"line":3,"column":23},"end":{"line":3,"column":228}},"4":{"start":{"line":5,"column":22},"end":{"line":5,"column":43}},"5":{"start":{"line":5,"column":29},"end":{"line":5,"column":43}},"6":{"start":{"line":6,"column":23},"end":{"line":6,"column":60}},"7":{"start":{"line":6,"column":30},"end":{"line":6,"column":60}},"8":{"start":{"line":7,"column":17},"end":{"line":10,"column":1}},"9":{"start":{"line":8,"column":18},"end":{"line":8,"column":28}},"10":{"start":{"line":9,"column":4},"end":{"line":9,"column":76}},"11":{"start":{"line":12,"column":19},"end":{"line":22,"column":1}},"12":{"start":{"line":13,"column":4},"end":{"line":21,"column":5}},"13":{"start":{"line":14,"column":22},"end":{"line":14,"column":32}},"14":{"start":{"line":15,"column":20},"end":{"line":15,"column":33}},"15":{"start":{"line":16,"column":20},"end":{"line":16,"column":44}},"16":{"start":{"line":17,"column":24},"end":{"line":17,"column":43}},"17":{"start":{"line":18,"column":8},"end":{"line":18,"column":22}},"18":{"start":{"line":20,"column":8},"end":{"line":20,"column":17}},"19":{"start":{"line":24,"column":0},"end":{"line":28,"column":1}}},"fnMap":{"0":{"name":"(anonymous_0)","decl":{"start":{"line":3,"column":15},"end":{"line":3,"column":16}},"loc":{"start":{"line":3,"column":23},"end":{"line":3,"column":228}},"line":3},"1":{"name":"(anonymous_1)","decl":{"start":{"line":5,"column":22},"end":{"line":5,"column":23}},"loc":{"start":{"line":5,"column":29},"end":{"line":5,"column":43}},"line":5},"2":{"name":"(anonymous_2)","decl":{"start":{"line":6,"column":23},"end":{"line":6,"column":24}},"loc":{"start":{"line":6,"column":30},"end":{"line":6,"column":60}},"line":6},"3":{"name":"(anonymous_3)","decl":{"start":{"line":7,"column":17},"end":{"line":7,"column":18}},"loc":{"start":{"line":7,"column":23},"end":{"line":10,"column":1}},"line":7},"4":{"name":"(anonymous_4)","decl":{"start":{"line":12,"column":19},"end":{"line":12,"column":20}},"loc":{"start":{"line":12,"column":30},"end":{"line":22,"column":1}},"line":12}},"branchMap":{},"s":{"0":1,"1":1,"2":1,"3":0,"4":1,"5":1,"6":1,"7":1,"8":1,"9":0,"10":0,"11":1,"12":0,"13":0,"14":0,"15":0,"16":0,"17":0,"18":0,"19":1},"f":{"0":0,"1":1,"2":1,"3":0,"4":0},"b":{},"_coverageSchema":"43e27e138ebf9cfc5966b082cf9a028302ed4184","hash":"ada28306f349012163eadecf026b3f2480a2e9f5"}
,"/home/flamengo/Documentos/projetos/fullstack-master/Semana_02/ConvertMyMoney/lib/convert.js": {"path":"/home/flamengo/Documentos/projetos/fullstack-master/Semana_02/ConvertMyMoney/lib/convert.js","statementMap":{"0":{"start":{"line":1,"column":16},"end":{"line":3,"column":1}},"1":{"start":{"line":2,"column":4},"end":{"line":2,"column":29}},"2":{"start":{"line":5,"column":16},"end":{"line":7,"column":1}},"3":{"start":{"line":6,"column":4},"end":{"line":6,"column":39}},"4":{"start":{"line":9,"column":0},"end":{"line":12,"column":1}}},"fnMap":{"0":{"name":"(anonymous_0)","decl":{"start":{"line":1,"column":16},"end":{"line":1,"column":17}},"loc":{"start":{"line":1,"column":39},"end":{"line":3,"column":1}},"line":1},"1":{"name":"(anonymous_1)","decl":{"start":{"line":5,"column":16},"end":{"line":5,"column":17}},"loc":{"start":{"line":5,"column":25},"end":{"line":7,"column":1}},"line":5}},"branchMap":{},"s":{"0":1,"1":2,"2":1,"3":2,"4":1},"f":{"0":2,"1":2},"b":{},"_coverageSchema":"43e27e138ebf9cfc5966b082cf9a028302ed4184","hash":"9dd7dfaeb5cbe66b11657e366eceb124cf2e65c4"}
}
